2025-02-11 16:55:22,456 - INFO - Script started: 2025-02-11 16:55:22
2025-02-11 16:55:22,502 - INFO - Connected to MongoDB at mongodb://localhost:27017/
2025-02-11 16:55:22,502 - INFO - Connecting to MQTT broker at localhost:1883
2025-02-11 16:55:22,516 - INFO - MQTT client setup complete
2025-02-11 16:55:22,517 - INFO - Starting MQTT subscriber...
2025-02-11 16:55:22,518 - INFO - Status - Messages received: 0, Devices processed: 0
2025-02-11 16:55:22,518 - INFO - Connected to MQTT Broker successfully
2025-02-11 16:55:22,519 - INFO - Subscribed to topic: admin/reader
2025-02-11 16:55:22,524 - INFO - Subscription confirmed with reason codes: [ReasonCode(Suback, 'Granted QoS 1')]
2025-02-11 16:55:32,519 - INFO - Status - Messages received: 0, Devices processed: 0
2025-02-11 16:55:42,520 - INFO - Status - Messages received: 0, Devices processed: 0
2025-02-11 16:55:52,521 - INFO - Status - Messages received: 0, Devices processed: 0
2025-02-11 16:56:02,522 - INFO - Status - Messages received: 0, Devices processed: 0
2025-02-11 16:56:12,523 - INFO - Status - Messages received: 0, Devices processed: 0
2025-02-11 16:56:22,525 - INFO - Status - Messages received: 0, Devices processed: 0
2025-02-11 16:56:32,526 - INFO - Status - Messages received: 0, Devices processed: 0
2025-02-11 16:56:42,526 - INFO - Status - Messages received: 0, Devices processed: 0
2025-02-11 16:56:52,527 - INFO - Status - Messages received: 0, Devices processed: 0
2025-02-11 16:57:02,528 - INFO - Status - Messages received: 0, Devices processed: 0
2025-02-11 16:57:12,530 - INFO - Status - Messages received: 0, Devices processed: 0
2025-02-11 16:57:17,673 - INFO - Termination signal received
2025-02-11 16:57:22,536 - ERROR - Error closing connections: MQTTMongoSubscriber.on_disconnect() takes 5 positional arguments but 6 were given
2025-02-11 16:57:22,537 - ERROR - Error closing connections: MQTTMongoSubscriber.on_disconnect() takes 5 positional arguments but 6 were given
