2025-02-11 17:02:54,306 - INFO - Script started: 2025-02-11 17:02:54
2025-02-11 17:02:54,350 - INFO - Connected to MongoDB at mongodb://localhost:27017/
2025-02-11 17:02:54,350 - INFO - Connecting to MQTT broker at localhost:1883
2025-02-11 17:02:54,378 - INFO - MQTT client setup complete
2025-02-11 17:02:54,380 - INFO - Starting MQTT subscriber...
2025-02-11 17:02:54,383 - INFO - Status - Messages received: 0, Devices processed: 0
2025-02-11 17:02:54,384 - INFO - Connected to MQTT Broker successfully
2025-02-11 17:02:54,385 - INFO - Subscribed to topic: admin/reader
2025-02-11 17:02:54,391 - INFO - Subscription confirmed with reason codes: [ReasonCode(Suback, 'Granted QoS 1')]
2025-02-11 17:03:04,388 - INFO - Status - Messages received: 0, Devices processed: 0
2025-02-11 17:03:14,389 - INFO - Status - Messages received: 0, Devices processed: 0
2025-02-11 17:03:24,391 - INFO - Status - Messages received: 0, Devices processed: 0
2025-02-11 17:03:34,392 - INFO - Status - Messages received: 0, Devices processed: 0
2025-02-11 17:03:44,393 - INFO - Status - Messages received: 0, Devices processed: 0
2025-02-11 17:03:54,395 - INFO - Status - Messages received: 0, Devices processed: 0
2025-02-11 17:04:04,396 - INFO - Status - Messages received: 0, Devices processed: 0
2025-02-11 17:04:14,397 - INFO - Status - Messages received: 0, Devices processed: 0
2025-02-11 17:04:24,397 - INFO - Status - Messages received: 0, Devices processed: 0
2025-02-11 17:04:34,398 - INFO - Status - Messages received: 0, Devices processed: 0
2025-02-11 17:04:44,399 - INFO - Status - Messages received: 0, Devices processed: 0
2025-02-11 17:04:54,400 - INFO - Status - Messages received: 0, Devices processed: 0
2025-02-11 17:05:04,402 - INFO - Status - Messages received: 0, Devices processed: 0
2025-02-11 17:05:14,403 - INFO - Status - Messages received: 0, Devices processed: 0
2025-02-11 17:05:24,404 - INFO - Status - Messages received: 0, Devices processed: 0
2025-02-11 17:05:34,404 - INFO - Status - Messages received: 0, Devices processed: 0
2025-02-11 17:05:44,405 - INFO - Status - Messages received: 0, Devices processed: 0
2025-02-11 17:05:54,406 - INFO - Status - Messages received: 0, Devices processed: 0
2025-02-11 17:06:04,407 - INFO - Status - Messages received: 0, Devices processed: 0
2025-02-11 17:06:14,408 - INFO - Status - Messages received: 0, Devices processed: 0
2025-02-11 17:06:24,409 - INFO - Status - Messages received: 0, Devices processed: 0
2025-02-11 17:06:34,411 - INFO - Status - Messages received: 0, Devices processed: 0
2025-02-11 17:06:44,411 - INFO - Status - Messages received: 0, Devices processed: 0
2025-02-11 17:06:54,413 - INFO - Status - Messages received: 0, Devices processed: 0
2025-02-11 17:07:04,413 - INFO - Status - Messages received: 0, Devices processed: 0
2025-02-11 17:07:14,414 - INFO - Status - Messages received: 0, Devices processed: 0
2025-02-11 17:07:24,415 - INFO - Status - Messages received: 0, Devices processed: 0
2025-02-11 17:07:34,416 - INFO - Status - Messages received: 0, Devices processed: 0
2025-02-11 17:07:44,417 - INFO - Status - Messages received: 0, Devices processed: 0
2025-02-11 17:07:54,418 - INFO - Status - Messages received: 0, Devices processed: 0
2025-02-11 17:08:04,419 - INFO - Status - Messages received: 0, Devices processed: 0
2025-02-11 17:08:14,420 - INFO - Status - Messages received: 0, Devices processed: 0
2025-02-11 17:08:24,421 - INFO - Status - Messages received: 0, Devices processed: 0
2025-02-11 17:08:34,423 - INFO - Status - Messages received: 0, Devices processed: 0
2025-02-11 17:08:44,423 - INFO - Status - Messages received: 0, Devices processed: 0
2025-02-11 17:08:54,424 - INFO - Status - Messages received: 0, Devices processed: 0
2025-02-11 17:09:04,425 - INFO - Status - Messages received: 0, Devices processed: 0
2025-02-11 17:09:14,426 - INFO - Status - Messages received: 0, Devices processed: 0
2025-02-11 17:09:24,427 - INFO - Status - Messages received: 0, Devices processed: 0
2025-02-11 17:09:34,428 - INFO - Status - Messages received: 0, Devices processed: 0
2025-02-11 17:09:44,429 - INFO - Status - Messages received: 0, Devices processed: 0
2025-02-11 17:09:54,430 - INFO - Status - Messages received: 0, Devices processed: 0
2025-02-11 17:10:04,431 - INFO - Status - Messages received: 0, Devices processed: 0
2025-02-11 17:10:14,432 - INFO - Status - Messages received: 0, Devices processed: 0
2025-02-11 17:10:24,434 - INFO - Status - Messages received: 0, Devices processed: 0
2025-02-11 17:10:34,435 - INFO - Status - Messages received: 0, Devices processed: 0
2025-02-11 17:10:44,436 - INFO - Status - Messages received: 0, Devices processed: 0
2025-02-11 17:10:54,437 - INFO - Status - Messages received: 0, Devices processed: 0
2025-02-11 17:11:04,438 - INFO - Status - Messages received: 0, Devices processed: 0
2025-02-11 17:11:14,439 - INFO - Status - Messages received: 0, Devices processed: 0
2025-02-11 17:11:24,440 - INFO - Status - Messages received: 0, Devices processed: 0
2025-02-11 17:11:25,379 - INFO - Message #1 - Sequence: 161, Devices: 4/50, N_ADV_RAW: 42
2025-02-11 17:11:25,381 - INFO - Inserted message: Sequence: 161, Devices: 4
2025-02-11 17:11:34,441 - INFO - Status - Messages received: 1, Devices processed: 4
2025-02-11 17:11:44,442 - INFO - Status - Messages received: 1, Devices processed: 4
2025-02-11 17:11:54,444 - INFO - Status - Messages received: 1, Devices processed: 4
2025-02-11 17:11:55,368 - INFO - Message #2 - Sequence: 166, Devices: 2/50, N_ADV_RAW: 41
2025-02-11 17:11:55,371 - INFO - Inserted message: Sequence: 166, Devices: 2
2025-02-11 17:12:04,444 - INFO - Status - Messages received: 2, Devices processed: 6
2025-02-11 17:12:14,445 - INFO - Status - Messages received: 2, Devices processed: 6
2025-02-11 17:12:24,446 - INFO - Status - Messages received: 2, Devices processed: 6
2025-02-11 17:12:34,447 - INFO - Status - Messages received: 2, Devices processed: 6
2025-02-11 17:12:44,448 - INFO - Status - Messages received: 2, Devices processed: 6
2025-02-11 17:12:45,375 - INFO - Message #3 - Sequence: 176, Devices: 2/50, N_ADV_RAW: 41
2025-02-11 17:12:45,377 - INFO - Inserted message: Sequence: 176, Devices: 2
2025-02-11 17:12:54,450 - INFO - Status - Messages received: 3, Devices processed: 8
2025-02-11 17:13:00,369 - INFO - Message #4 - Sequence: 180, Devices: 1/50, N_ADV_RAW: 41
2025-02-11 17:13:00,371 - INFO - Inserted message: Sequence: 180, Devices: 1
2025-02-11 17:13:04,451 - INFO - Status - Messages received: 4, Devices processed: 9
2025-02-11 17:13:05,385 - INFO - Message #5 - Sequence: 181, Devices: 4/50, N_ADV_RAW: 45
2025-02-11 17:13:05,386 - INFO - Inserted message: Sequence: 181, Devices: 4
2025-02-11 17:13:14,452 - INFO - Status - Messages received: 5, Devices processed: 13
2025-02-11 17:13:20,372 - INFO - Message #6 - Sequence: 183, Devices: 3/50, N_ADV_RAW: 46
2025-02-11 17:13:20,373 - INFO - Inserted message: Sequence: 183, Devices: 3
2025-02-11 17:13:24,453 - INFO - Status - Messages received: 6, Devices processed: 16
2025-02-11 17:13:34,456 - INFO - Status - Messages received: 6, Devices processed: 16
2025-02-11 17:13:44,457 - INFO - Status - Messages received: 6, Devices processed: 16
2025-02-11 17:13:54,458 - INFO - Status - Messages received: 6, Devices processed: 16
2025-02-11 17:14:04,459 - INFO - Status - Messages received: 6, Devices processed: 16
2025-02-11 17:14:14,461 - INFO - Status - Messages received: 6, Devices processed: 16
2025-02-11 17:14:24,462 - INFO - Status - Messages received: 6, Devices processed: 16
2025-02-11 17:14:34,463 - INFO - Status - Messages received: 6, Devices processed: 16
2025-02-11 17:14:44,463 - INFO - Status - Messages received: 6, Devices processed: 16
2025-02-11 17:14:54,464 - INFO - Status - Messages received: 6, Devices processed: 16
2025-02-11 17:15:04,465 - INFO - Status - Messages received: 6, Devices processed: 16
2025-02-11 17:15:14,466 - INFO - Status - Messages received: 6, Devices processed: 16
2025-02-11 17:15:24,467 - INFO - Status - Messages received: 6, Devices processed: 16
2025-02-11 17:15:34,469 - INFO - Status - Messages received: 6, Devices processed: 16
2025-02-11 17:15:44,469 - INFO - Status - Messages received: 6, Devices processed: 16
2025-02-11 17:15:54,470 - INFO - Status - Messages received: 6, Devices processed: 16
2025-02-11 17:16:03,786 - INFO - Termination signal received
2025-02-11 17:16:03,985 - INFO - Termination signal received
2025-02-11 17:16:04,836 - ERROR - Error closing connections: MQTTMongoSubscriber.on_disconnect() takes 5 positional arguments but 6 were given
2025-02-11 17:16:04,837 - ERROR - Error closing connections: MQTTMongoSubscriber.on_disconnect() takes 5 positional arguments but 6 were given
